<?xml version="1.0" encoding="UTF-8"?>
<!-- Generated by org.testng.reporters.JUnitXMLReporter -->
<testsuite ignored="8" hostname="DESKTOP-SDBG9IR" failures="0" tests="10" name="Test" time="16.913" errors="0" timestamp="2025-07-03T12:33:08 IST">
  <testcase classname="tests.TC01_AddNewUser" name="addNewUser" time="0.252"/>
  <testcase classname="tests.TC02_Get_User_Profile" name="GetUser" time="1.599"/>
  <testcase classname="tests.TC03_Update_User" name="UpdateUser" time="1.836"/>
  <testcase classname="tests.TC04_User_Login" name="userLogin" time="1.799"/>
  <testcase classname="tests.TC05_Add_Contact" name="addContact" time="1.726"/>
  <testcase classname="tests.TC06_Get_Contact_List" name="getContactList" time="1.711"/>
  <testcase classname="tests.TC07_Get_Contact" name="getContact" time="2.1"/>
  <testcase classname="tests.TC08_Update_Contact_Put" name="UpdateContact" time="1.934"/>
  <testcase classname="tests.TC09_Update_Contact_Patch" name="UpdateContactPatch" time="1.738"/>
  <testcase classname="tests.TC10_User_Logout" name="userLogout" time="2.045"/>
  <testcase classname="base.TestBase" name="@BeforeSuite baseSetup" time="0.0">
    <ignored/>
  </testcase> <!-- @BeforeSuite baseSetup -->
  <testcase classname="base.TestBase" name="@BeforeSuite baseSetup" time="0.0">
    <ignored/>
  </testcase> <!-- @BeforeSuite baseSetup -->
  <testcase classname="base.TestBase" name="@BeforeSuite baseSetup" time="0.0">
    <ignored/>
  </testcase> <!-- @BeforeSuite baseSetup -->
  <testcase classname="base.TestBase" name="@BeforeSuite baseSetup" time="0.0">
    <ignored/>
  </testcase> <!-- @BeforeSuite baseSetup -->
  <testcase classname="base.TestBase" name="@BeforeSuite baseSetup" time="0.0">
    <ignored/>
  </testcase> <!-- @BeforeSuite baseSetup -->
  <testcase classname="base.TestBase" name="@BeforeSuite baseSetup" time="0.0">
    <ignored/>
  </testcase> <!-- @BeforeSuite baseSetup -->
  <testcase classname="base.TestBase" name="@BeforeSuite baseSetup" time="0.0">
    <ignored/>
  </testcase> <!-- @BeforeSuite baseSetup -->
  <testcase classname="base.TestBase" name="@BeforeSuite baseSetup" time="0.0">
    <ignored/>
  </testcase> <!-- @BeforeSuite baseSetup -->
</testsuite> <!-- Test -->
