<?xml version="1.0" encoding="UTF-8"?>
<testng-results ignored="0" total="10" passed="10" failed="0" skipped="0">
  <reporter-output>
  </reporter-output>
  <suite started-at="2025-07-03T15:41:58 IST" name="All Tests Suite" finished-at="2025-07-03T15:42:11 IST" duration-ms="13082">
    <groups>
    </groups>
    <test started-at="2025-07-03T15:41:58 IST" name="Allure All Tests" finished-at="2025-07-03T15:42:11 IST" duration-ms="13082">
      <class name="tests.TC02_Get_User_Profile">
        <test-method signature="GetUser()[pri:0, instance:tests.TC02_Get_User_Profile@645aa696]" started-at="2025-07-03T15:41:58 IST" name="GetUser" finished-at="2025-07-03T15:42:00 IST" duration-ms="1422" status="PASS">
          <reporter-output>
          </reporter-output>
        </test-method> <!-- GetUser -->
      </class> <!-- tests.TC02_Get_User_Profile -->
      <class name="tests.TC01_AddNewUser">
        <test-method is-config="true" signature="baseSetup()[pri:0, instance:tests.TC01_AddNewUser@68c9133c]" started-at="2025-07-03T15:41:29 IST" name="baseSetup" finished-at="2025-07-03T15:41:58 IST" duration-ms="28558" status="PASS">
          <reporter-output>
          </reporter-output>
        </test-method> <!-- baseSetup -->
        <test-method signature="addNewUser()[pri:0, instance:tests.TC01_AddNewUser@68c9133c]" started-at="2025-07-03T15:41:58 IST" name="addNewUser" finished-at="2025-07-03T15:41:58 IST" duration-ms="354" status="PASS">
          <reporter-output>
          </reporter-output>
        </test-method> <!-- addNewUser -->
      </class> <!-- tests.TC01_AddNewUser -->
      <class name="tests.TC06_Get_Contact_List">
        <test-method signature="getContactList()[pri:0, instance:tests.TC06_Get_Contact_List@273444fe]" started-at="2025-07-03T15:42:04 IST" name="getContactList" finished-at="2025-07-03T15:42:05 IST" duration-ms="1371" status="PASS">
          <reporter-output>
          </reporter-output>
        </test-method> <!-- getContactList -->
      </class> <!-- tests.TC06_Get_Contact_List -->
      <class name="tests.TC10_User_Logout">
        <test-method signature="userLogout()[pri:0, instance:tests.TC10_User_Logout@5032714f]" started-at="2025-07-03T15:42:09 IST" name="userLogout" finished-at="2025-07-03T15:42:11 IST" duration-ms="1407" status="PASS">
          <reporter-output>
          </reporter-output>
        </test-method> <!-- userLogout -->
      </class> <!-- tests.TC10_User_Logout -->
      <class name="tests.TC07_Get_Contact">
        <test-method signature="getContact()[pri:0, instance:tests.TC07_Get_Contact@33bc72d1]" started-at="2025-07-03T15:42:05 IST" name="getContact" finished-at="2025-07-03T15:42:07 IST" duration-ms="1405" status="PASS">
          <reporter-output>
          </reporter-output>
        </test-method> <!-- getContact -->
      </class> <!-- tests.TC07_Get_Contact -->
      <class name="tests.TC04_User_Login">
        <test-method signature="userLogin()[pri:0, instance:tests.TC04_User_Login@413d1baf]" started-at="2025-07-03T15:42:01 IST" name="userLogin" finished-at="2025-07-03T15:42:02 IST" duration-ms="1409" status="PASS">
          <reporter-output>
          </reporter-output>
        </test-method> <!-- userLogin -->
      </class> <!-- tests.TC04_User_Login -->
      <class name="tests.TC03_Update_User">
        <test-method signature="UpdateUser()[pri:0, instance:tests.TC03_Update_User@6caf0677]" started-at="2025-07-03T15:42:00 IST" name="UpdateUser" finished-at="2025-07-03T15:42:01 IST" duration-ms="1443" status="PASS">
          <reporter-output>
          </reporter-output>
        </test-method> <!-- UpdateUser -->
      </class> <!-- tests.TC03_Update_User -->
      <class name="tests.TC05_Add_Contact">
        <test-method signature="addContact()[pri:0, instance:tests.TC05_Add_Contact@16eb3ea3]" started-at="2025-07-03T15:42:02 IST" name="addContact" finished-at="2025-07-03T15:42:04 IST" duration-ms="1404" status="PASS">
          <reporter-output>
          </reporter-output>
        </test-method> <!-- addContact -->
      </class> <!-- tests.TC05_Add_Contact -->
      <class name="tests.TC08_Update_Contact_Put">
        <test-method signature="UpdateContact()[pri:0, instance:tests.TC08_Update_Contact_Put@1a75e76a]" started-at="2025-07-03T15:42:07 IST" name="UpdateContact" finished-at="2025-07-03T15:42:08 IST" duration-ms="1361" status="PASS">
          <reporter-output>
          </reporter-output>
        </test-method> <!-- UpdateContact -->
      </class> <!-- tests.TC08_Update_Contact_Put -->
      <class name="tests.TC09_Update_Contact_Patch">
        <test-method signature="UpdateContactPatch()[pri:0, instance:tests.TC09_Update_Contact_Patch@5524cca1]" started-at="2025-07-03T15:42:08 IST" name="UpdateContactPatch" finished-at="2025-07-03T15:42:09 IST" duration-ms="1372" status="PASS">
          <reporter-output>
          </reporter-output>
        </test-method> <!-- UpdateContactPatch -->
      </class> <!-- tests.TC09_Update_Contact_Patch -->
    </test> <!-- Allure All Tests -->
  </suite> <!-- All Tests Suite -->
</testng-results>
