<?xml version="1.0" encoding="UTF-8"?>
<!-- Generated by org.testng.reporters.JUnitXMLReporter -->
<testsuite ignored="8" hostname="DESKTOP-SDBG9IR" failures="0" tests="10" name="Allure All Tests" time="13.082" errors="0" timestamp="2025-07-03T15:42:11 IST">
  <testcase classname="tests.TC01_AddNewUser" name="addNewUser" time="0.354"/>
  <testcase classname="tests.TC02_Get_User_Profile" name="GetUser" time="1.422"/>
  <testcase classname="tests.TC03_Update_User" name="UpdateUser" time="1.443"/>
  <testcase classname="tests.TC04_User_Login" name="userLogin" time="1.409"/>
  <testcase classname="tests.TC05_Add_Contact" name="addContact" time="1.404"/>
  <testcase classname="tests.TC06_Get_Contact_List" name="getContactList" time="1.371"/>
  <testcase classname="tests.TC07_Get_Contact" name="getContact" time="1.405"/>
  <testcase classname="tests.TC08_Update_Contact_Put" name="UpdateContact" time="1.361"/>
  <testcase classname="tests.TC09_Update_Contact_Patch" name="UpdateContactPatch" time="1.372"/>
  <testcase classname="tests.TC10_User_Logout" name="userLogout" time="1.407"/>
  <testcase classname="base.TestBase" name="@BeforeSuite baseSetup" time="0.0">
    <ignored/>
  </testcase> <!-- @BeforeSuite baseSetup -->
  <testcase classname="base.TestBase" name="@BeforeSuite baseSetup" time="0.0">
    <ignored/>
  </testcase> <!-- @BeforeSuite baseSetup -->
  <testcase classname="base.TestBase" name="@BeforeSuite baseSetup" time="0.0">
    <ignored/>
  </testcase> <!-- @BeforeSuite baseSetup -->
  <testcase classname="base.TestBase" name="@BeforeSuite baseSetup" time="0.0">
    <ignored/>
  </testcase> <!-- @BeforeSuite baseSetup -->
  <testcase classname="base.TestBase" name="@BeforeSuite baseSetup" time="0.0">
    <ignored/>
  </testcase> <!-- @BeforeSuite baseSetup -->
  <testcase classname="base.TestBase" name="@BeforeSuite baseSetup" time="0.0">
    <ignored/>
  </testcase> <!-- @BeforeSuite baseSetup -->
  <testcase classname="base.TestBase" name="@BeforeSuite baseSetup" time="0.0">
    <ignored/>
  </testcase> <!-- @BeforeSuite baseSetup -->
  <testcase classname="base.TestBase" name="@BeforeSuite baseSetup" time="0.0">
    <ignored/>
  </testcase> <!-- @BeforeSuite baseSetup -->
</testsuite> <!-- Allure All Tests -->
